<?xml version="1.0" encoding="UTF-8"?>
<!-- Generated by org.testng.reporters.JUnitReportReporter -->
<testsuite hostname="AkashKhanna" failures="0" tests="2" name="LoginTest" time="5.160" errors="0" timestamp="2024-12-01T19:46:30 IST" skipped="0">
  <testcase classname="LoginTest" name="testLoginSuccess" time="3.016"/>
  <system-out/>
  <testcase classname="LoginTest" name="testLoginFailure" time="2.144"/>
  <system-out/>
</testsuite> <!-- LoginTest -->
